SDL_mixer/mixer.c
SDL_mixer/codecs/music_timidity.c
SDL_mixer/codecs/music_mpg123.c
SDL_mixer/codecs/load_voc.c
SDL_mixer/codecs/music_drmp3.c
SDL_mixer/codecs/load_aiff.c
SDL_mixer/codecs/music_drflac.c
SDL_mixer/codecs/music_xmp.c
SDL_mixer/codecs/timidity/common.c
SDL_mixer/codecs/timidity/tables.c
SDL_mixer/codecs/timidity/readmidi.c
SDL_mixer/codecs/timidity/instrum.c
SDL_mixer/codecs/timidity/resample.c
SDL_mixer/codecs/timidity/mix.c
SDL_mixer/codecs/timidity/playmidi.c
SDL_mixer/codecs/timidity/output.c
SDL_mixer/codecs/timidity/timidity.c
SDL_mixer/codecs/music_cmd.c
SDL_mixer/codecs/music_fluidsynth.c
SDL_mixer/codecs/music_flac.c
SDL_mixer/codecs/mp3utils.c
SDL_mixer/codecs/music_ogg.c
SDL_mixer/codecs/music_ogg_stb.c
SDL_mixer/codecs/native_midi/native_midi_macosx.c
SDL_mixer/codecs/native_midi/native_midi_win32.c
SDL_mixer/codecs/native_midi/native_midi_common.c
SDL_mixer/codecs/music_opus.c
SDL_mixer/codecs/music_wav.c
SDL_mixer/codecs/music_modplug.c
SDL_mixer/codecs/music_nativemidi.c
SDL_mixer/utils.c
SDL_mixer/music.c
SDL_mixer/effect_position.c
SDL_mixer/effects_internal.c
SDL_mixer/effect_stereoreverse.c
